[2025-11-20T17:33:40.242Z] INFO: MongoDB initialized successfully
================================================================================
[2025-11-20T17:33:40.243Z] INFO: Environment: development
================================================================================
[2025-11-20T17:33:40.244Z] INFO: Server running on port 5001
================================================================================
[2025-11-20T17:33:47.556Z] INFO: ✅ Server started successfully
================================================================================
[2025-11-20T17:33:47.557Z] INFO: 📍 Server running on http://localhost:5001
================================================================================
[2025-11-20T17:33:47.558Z] INFO: 🔧 Environment: development
================================================================================
[2025-11-20T17:33:47.989Z] INFO: MongoDB initialized successfully
================================================================================
[2025-11-20T17:33:47.990Z] INFO: Environment: development
================================================================================
[2025-11-20T17:33:47.991Z] INFO: Server running on port 5001
================================================================================
[2025-11-20T17:34:05.835Z] INFO: ✅ Server started successfully
================================================================================
[2025-11-20T17:34:05.836Z] INFO: 📍 Server running on http://localhost:5001
================================================================================
[2025-11-20T17:34:05.837Z] INFO: 🔧 Environment: development
================================================================================
[2025-11-20T17:34:06.260Z] INFO: MongoDB initialized successfully
================================================================================
[2025-11-20T17:34:06.261Z] INFO: Environment: development
================================================================================
[2025-11-20T17:34:06.262Z] INFO: Server running on port 5001
================================================================================
[2025-11-20T17:34:50.898Z] INFO: ✅ Server started successfully
================================================================================
[2025-11-20T17:34:50.899Z] INFO: 📍 Server running on http://localhost:5001
================================================================================
[2025-11-20T17:34:50.900Z] INFO: 🔧 Environment: development
================================================================================
[2025-11-20T17:34:51.612Z] INFO: MongoDB initialized successfully
================================================================================
[2025-11-20T17:34:51.613Z] INFO: Environment: development
================================================================================
[2025-11-20T17:34:51.613Z] INFO: Server running on port 5001
================================================================================
